[debug] [2023-04-22T15:13:51.452Z] ----------------------------------------------------------------------
[debug] [2023-04-22T15:13:51.455Z] Command:       C:\Program Files\nodejs\node.exe C:\Users\Kishanlal Choudhary\AppData\Roaming\npm\node_modules\firebase-tools\lib\bin\firebase.js init
[debug] [2023-04-22T15:13:51.456Z] CLI Version:   11.28.0
[debug] [2023-04-22T15:13:51.457Z] Platform:      win32
[debug] [2023-04-22T15:13:51.457Z] Node Version:  v18.13.0
[debug] [2023-04-22T15:13:51.458Z] Time:          Sat Apr 22 2023 20:43:51 GMT+0530 (India Standard Time)
[debug] [2023-04-22T15:13:51.459Z] ----------------------------------------------------------------------
[debug] 
[debug] [2023-04-22T15:13:51.466Z] > command requires scopes: ["email","openid","https://www.googleapis.com/auth/cloudplatformprojects.readonly","https://www.googleapis.com/auth/firebase","https://www.googleapis.com/auth/cloud-platform"]
[debug] [2023-04-22T15:13:51.466Z] > authorizing via signed-in user (kisanchoudhary000@gmail.com)
[info] 
     ######## #### ########  ######## ########     ###     ######  ########
     ##        ##  ##     ## ##       ##     ##  ##   ##  ##       ##
     ######    ##  ########  ######   ########  #########  ######  ######
     ##        ##  ##    ##  ##       ##     ## ##     ##       ## ##
     ##       #### ##     ## ######## ########  ##     ##  ######  ########

You're about to initialize a Firebase project in this directory:

  D:\Workspaces\Firebase Workspace\firebase_course

[info] 
=== Project Setup
[info] 
[info] First, let's associate this project directory with a Firebase project.
[info] You can create multiple project aliases by running firebase use --add, 
[info] but for now we'll just set up a default project.
[info] 
[debug] [2023-04-22T15:15:13.075Z] >>> [apiv2][query] GET https://firebase.googleapis.com/v1beta1/projects pageSize=100
[debug] [2023-04-22T15:15:14.110Z] <<< [apiv2][status] GET https://firebase.googleapis.com/v1beta1/projects 200
[debug] [2023-04-22T15:15:14.110Z] <<< [apiv2][body] GET https://firebase.googleapis.com/v1beta1/projects [omitted]
[info] i  Using project fir-course-e2e99 (firebase-course) 
[info] 
=== Hosting Setup
[info] 
[info] Your public directory is the folder (relative to your project directory) that
[info] will contain Hosting assets to be uploaded with firebase deploy. If you
[info] have a build process for your assets, use your build's output directory.
[info] 
[info] +  Wrote public/404.html 
[debug] [2023-04-22T15:16:57.568Z] >>> [apiv2][query] GET https://www.gstatic.com/firebasejs/releases.json [none]
[debug] [2023-04-22T15:16:57.758Z] <<< [apiv2][status] GET https://www.gstatic.com/firebasejs/releases.json 200
[debug] [2023-04-22T15:16:57.758Z] <<< [apiv2][body] GET https://www.gstatic.com/firebasejs/releases.json {"current":{"version":"9.20.0","browserURL":"https://www.gstatic.com/firebasejs/9.20.0/firebase.js","packageURL":"https://www.gstatic.com/firebasejs/9.20.0/firebase.tgz"},"live":{"version":"9.20","browserURL":"https://www.gstatic.com/firebasejs/live/9.20/firebase.js","packageURL":"https://www.gstatic.com/firebasejs/live/9.20/firebase.tgz"},"components":{"analytics":"https://www.gstatic.com/firebasejs/9.20.0/firebase-analytics.js","app":"https://www.gstatic.com/firebasejs/9.20.0/firebase-app.js","app-check":"https://www.gstatic.com/firebasejs/9.20.0/firebase-app-check.js","auth":"https://www.gstatic.com/firebasejs/9.20.0/firebase-auth.js","auth/cordova":"https://www.gstatic.com/firebasejs/9.20.0/firebase-auth/cordova.js","auth/react-native":"https://www.gstatic.com/firebasejs/9.20.0/firebase-auth/react-native.js","functions":"https://www.gstatic.com/firebasejs/9.20.0/firebase-functions.js","firestore":"https://www.gstatic.com/firebasejs/9.20.0/firebase-firestore.js","firestore/lite":"https://www.gstatic.com/firebasejs/9.20.0/firebase-firestore/lite.js","installations":"https://www.gstatic.com/firebasejs/9.20.0/firebase-installations.js","storage":"https://www.gstatic.com/firebasejs/9.20.0/firebase-storage.js","performance":"https://www.gstatic.com/firebasejs/9.20.0/firebase-performance.js","remote-config":"https://www.gstatic.com/firebasejs/9.20.0/firebase-remote-config.js","messaging":"https://www.gstatic.com/firebasejs/9.20.0/firebase-messaging.js","messaging/sw":"https://www.gstatic.com/firebasejs/9.20.0/firebase-messaging/sw.js","database":"https://www.gstatic.com/firebasejs/9.20.0/firebase-database.js","firestore.memory":"https://www.gstatic.com/firebasejs/9.20.0/firebase-firestore.memory.js"}}
[info] i  Skipping write of public/index.html 
[info] 
[info] i  Detected a .git folder at D:\Workspaces\Firebase Workspace\firebase_course 
[info] i  Authorizing with GitHub to upload your service account to a GitHub repository's secrets store. 
[info] 
[info] Visit this URL on this device to log in:
[info] https://github.com/login/oauth/authorize?client_id=89cf50f02ac6aaed3484&state=254892373&redirect_uri=http%3A%2F%2Flocalhost%3A9005&scope=read%3Auser%20repo%20public_repo
[info] 
[info] Waiting for authentication...
[debug] [2023-04-22T15:17:16.284Z] >>> [apiv2][query] POST https://github.com/login/oauth/access_token [none]
[debug] [2023-04-22T15:17:16.285Z] >>> [apiv2][body] POST https://github.com/login/oauth/access_token [stream]
[debug] [2023-04-22T15:17:16.669Z] <<< [apiv2][status] POST https://github.com/login/oauth/access_token 200
[debug] [2023-04-22T15:17:16.670Z] <<< [apiv2][body] POST https://github.com/login/oauth/access_token {"access_token":"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","token_type":"bearer","scope":"read:user,repo"}
[debug] [2023-04-22T15:17:16.688Z] >>> [apiv2][query] GET https://api.github.com/user [none]
[debug] [2023-04-22T15:17:17.067Z] <<< [apiv2][status] GET https://api.github.com/user 200
[debug] [2023-04-22T15:17:17.068Z] <<< [apiv2][body] GET https://api.github.com/user {"login":"kishanlalchoudhary","id":107745828,"node_id":"U_kgDOBmwSJA","avatar_url":"https://avatars.githubusercontent.com/u/107745828?v=4","gravatar_id":"","url":"https://api.github.com/users/kishanlalchoudhary","html_url":"https://github.com/kishanlalchoudhary","followers_url":"https://api.github.com/users/kishanlalchoudhary/followers","following_url":"https://api.github.com/users/kishanlalchoudhary/following{/other_user}","gists_url":"https://api.github.com/users/kishanlalchoudhary/gists{/gist_id}","starred_url":"https://api.github.com/users/kishanlalchoudhary/starred{/owner}{/repo}","subscriptions_url":"https://api.github.com/users/kishanlalchoudhary/subscriptions","organizations_url":"https://api.github.com/users/kishanlalchoudhary/orgs","repos_url":"https://api.github.com/users/kishanlalchoudhary/repos","events_url":"https://api.github.com/users/kishanlalchoudhary/events{/privacy}","received_events_url":"https://api.github.com/users/kishanlalchoudhary/received_events","type":"User","site_admin":false,"name":"Kishanlal Chhelaram Choudhary","company":null,"blog":"","location":null,"email":"kisanchoudhary000@gmail.com","hireable":null,"bio":"I am currently in Second Year pursuing B.E (Computer Engineering) from Pune Institute of Computer Technology. ","twitter_username":null,"public_repos":18,"public_gists":0,"followers":6,"following":10,"created_at":"2022-06-18T07:02:54Z","updated_at":"2023-04-20T13:51:39Z","private_gists":0,"total_private_repos":1,"owned_private_repos":1,"disk_usage":20255,"collaborators":0,"two_factor_authentication":false,"plan":{"name":"pro","space":976562499,"collaborators":0,"private_repos":9999}}
[info] 
[info] +  Success! Logged into GitHub as kishanlalchoudhary 
[info] 
